c:\users\interfacegu\source\repos\comp345project_dn10_a2final\comp345project\debug\vc142.pdb
c:\users\interfacegu\source\repos\comp345project_dn10_a2final\comp345project\debug\vc142.idb
c:\users\interfacegu\source\repos\comp345project_dn10_a2final\comp345project\debug\player.obj
c:\users\interfacegu\source\repos\comp345project_dn10_a2final\comp345project\debug\orders.obj
c:\users\interfacegu\source\repos\comp345project_dn10_a2final\comp345project\debug\driver.obj
c:\users\interfacegu\source\repos\comp345project_dn10_a2final\comp345project\debug\map.obj
c:\users\interfacegu\source\repos\comp345project_dn10_a2final\comp345project\debug\loggingobserver.obj
c:\users\interfacegu\source\repos\comp345project_dn10_a2final\comp345project\debug\gameengine.obj
c:\users\interfacegu\source\repos\comp345project_dn10_a2final\comp345project\debug\commandprocessing.obj
c:\users\interfacegu\source\repos\comp345project_dn10_a2final\comp345project\debug\cards.obj
c:\users\interfacegu\source\repos\comp345project_dn10_a2final\debug\comp345project.pdb
c:\users\interfacegu\source\repos\comp345project_dn10_a2final\comp345project\debug\comp345project.tlog\cl.command.1.tlog
c:\users\interfacegu\source\repos\comp345project_dn10_a2final\comp345project\debug\comp345project.tlog\cl.read.1.tlog
c:\users\interfacegu\source\repos\comp345project_dn10_a2final\comp345project\debug\comp345project.tlog\cl.write.1.tlog
c:\users\interfacegu\source\repos\comp345project_dn10_a2final\comp345project\debug\comp345project.tlog\link-cvtres.read.1.tlog
c:\users\interfacegu\source\repos\comp345project_dn10_a2final\comp345project\debug\comp345project.tlog\link-cvtres.write.1.tlog
c:\users\interfacegu\source\repos\comp345project_dn10_a2final\comp345project\debug\comp345project.tlog\link-rc.read.1.tlog
c:\users\interfacegu\source\repos\comp345project_dn10_a2final\comp345project\debug\comp345project.tlog\link-rc.write.1.tlog
c:\users\interfacegu\source\repos\comp345project_dn10_a2final\comp345project\debug\comp345project.tlog\link.44988-cvtres.read.1.tlog
c:\users\interfacegu\source\repos\comp345project_dn10_a2final\comp345project\debug\comp345project.tlog\link.44988-cvtres.write.1.tlog
c:\users\interfacegu\source\repos\comp345project_dn10_a2final\comp345project\debug\comp345project.tlog\link.44988-rc.read.1.tlog
c:\users\interfacegu\source\repos\comp345project_dn10_a2final\comp345project\debug\comp345project.tlog\link.44988-rc.write.1.tlog
c:\users\interfacegu\source\repos\comp345project_dn10_a2final\comp345project\debug\comp345project.tlog\link.44988.read.1.tlog
c:\users\interfacegu\source\repos\comp345project_dn10_a2final\comp345project\debug\comp345project.tlog\link.44988.write.1.tlog
c:\users\interfacegu\source\repos\comp345project_dn10_a2final\comp345project\debug\comp345project.tlog\link.command.1.tlog
c:\users\interfacegu\source\repos\comp345project_dn10_a2final\comp345project\debug\comp345project.tlog\link.read.1.tlog
c:\users\interfacegu\source\repos\comp345project_dn10_a2final\comp345project\debug\comp345project.tlog\link.write.1.tlog
